<?xml version="1.0" encoding="UTF-8"?>
<!-- Generated by org.testng.reporters.JUnitXMLReporter -->
<testsuite ignored="0" hostname="MRUNAL" failures="0" tests="3" name="Default test" time="13.758" errors="0" timestamp="2025-03-30T11:03:06 IST">
  <testcase classname="Day1.TestWebBrouserC.TestWebeBrouseAA" name="open" time="5.914"/>
  <testcase classname="Day1.TestWebBrouserC.TestWebeBrouseAA" name="logo" time="3.079"/>
  <testcase classname="Day1.TestWebBrouserC.TestWebeBrouseAA" name="login" time="4.688"/>
</testsuite> <!-- Default test -->
