<?xml version="1.0" encoding="UTF-8"?>
<!-- Generated by org.testng.reporters.JUnitXMLReporter -->
<testsuite ignored="0" hostname="MRUNAL" failures="0" tests="4" name="Test" time="0.107" errors="0" timestamp="2025-03-30T11:07:39 IST">
  <testcase classname="Day1.TestNgFirstB" name="open" time="0.016"/>
  <testcase classname="Day1.TestNgFirstB" name="login" time="0.003"/>
  <testcase classname="Day1.TestNgFirstB" name="logout" time="0.002"/>
  <testcase classname="Day1.TestNGSimpleA" name="testA" time="0.002"/>
</testsuite> <!-- Test -->
