<?xml version="1.0" encoding="UTF-8"?>
<testng-results ignored="0" total="4" passed="4" failed="0" skipped="0">
  <reporter-output>
  </reporter-output>
  <suite started-at="2025-03-30T11:07:39 IST" name="Suite" finished-at="2025-03-30T11:07:39 IST" duration-ms="107">
    <groups>
    </groups>
    <test started-at="2025-03-30T11:07:39 IST" name="Test" finished-at="2025-03-30T11:07:39 IST" duration-ms="107">
      <class name="Day1.TestNgFirstB">
        <test-method signature="open()[pri:1, instance:Day1.TestNgFirstB@548d708a]" started-at="2025-03-30T11:07:39 IST" name="open" finished-at="2025-03-30T11:07:39 IST" duration-ms="16" status="PASS">
          <reporter-output>
          </reporter-output>
        </test-method> <!-- open -->
        <test-method signature="login()[pri:2, instance:Day1.TestNgFirstB@548d708a]" started-at="2025-03-30T11:07:39 IST" name="login" finished-at="2025-03-30T11:07:39 IST" duration-ms="3" status="PASS">
          <reporter-output>
          </reporter-output>
        </test-method> <!-- login -->
        <test-method signature="logout()[pri:3, instance:Day1.TestNgFirstB@548d708a]" started-at="2025-03-30T11:07:39 IST" name="logout" finished-at="2025-03-30T11:07:39 IST" duration-ms="2" status="PASS">
          <reporter-output>
          </reporter-output>
        </test-method> <!-- logout -->
      </class> <!-- Day1.TestNgFirstB -->
      <class name="Day1.TestNGSimpleA">
        <test-method signature="testA()[pri:0, instance:Day1.TestNGSimpleA@3ba987b8]" started-at="2025-03-30T11:07:39 IST" name="testA" finished-at="2025-03-30T11:07:39 IST" duration-ms="2" status="PASS">
          <reporter-output>
          </reporter-output>
        </test-method> <!-- testA -->
      </class> <!-- Day1.TestNGSimpleA -->
    </test> <!-- Test -->
  </suite> <!-- Suite -->
</testng-results>
